{"C:\\Users\\Perdorues\\Desktop\\node3\\src\\utilis\\vatCalculator.js": {"path":"C:\\Users\\Perdorues\\Desktop\\node3\\src\\utilis\\vatCalculator.js","statementMap":{"0":{"start":{"line":1,"column":20},"end":{"line":18,"column":1}},"1":{"start":{"line":4,"column":8},"end":{"line":4,"column":56}},"2":{"start":{"line":10,"column":9},"end":{"line":10,"column":56}},"3":{"start":{"line":14,"column":8},"end":{"line":14,"column":57}},"4":{"start":{"line":22,"column":0},"end":{"line":22,"column":30}}},"fnMap":{"0":{"name":"(anonymous_0)","decl":{"start":{"line":3,"column":18},"end":{"line":3,"column":19}},"loc":{"start":{"line":3,"column":32},"end":{"line":5,"column":5}},"line":3},"1":{"name":"(anonymous_1)","decl":{"start":{"line":9,"column":27},"end":{"line":9,"column":28}},"loc":{"start":{"line":9,"column":40},"end":{"line":12,"column":5}},"line":9},"2":{"name":"(anonymous_2)","decl":{"start":{"line":13,"column":24},"end":{"line":13,"column":25}},"loc":{"start":{"line":13,"column":39},"end":{"line":16,"column":5}},"line":13}},"branchMap":{},"s":{"0":1,"1":1,"2":1,"3":1,"4":1},"f":{"0":1,"1":1,"2":1},"b":{},"_coverageSchema":"1a1c01bbd47fc00a2c39e90264f33305004495a9","hash":"118584a5ad5a3ded4e9f1f70e405a1713ac27985"}
}
