{"C:\\Users\\Perdorues\\Desktop\\node3\\__int__test__\\setupTestEnv.js": {"path":"C:\\Users\\Perdorues\\Desktop\\node3\\__int__test__\\setupTestEnv.js","statementMap":{"0":{"start":{"line":1,"column":12},"end":{"line":1,"column":33}},"1":{"start":{"line":2,"column":9},"end":{"line":2,"column":37}},"2":{"start":{"line":5,"column":0},"end":{"line":5,"column":174}},"3":{"start":{"line":7,"column":20},"end":{"line":7,"column":38}},"4":{"start":{"line":9,"column":24},"end":{"line":9,"column":129}},"5":{"start":{"line":11,"column":0},"end":{"line":37,"column":1}},"6":{"start":{"line":12,"column":12},"end":{"line":15,"column":9}},"7":{"start":{"line":17,"column":4},"end":{"line":21,"column":12}},"8":{"start":{"line":18,"column":8},"end":{"line":18,"column":25}},"9":{"start":{"line":19,"column":8},"end":{"line":19,"column":42}},"10":{"start":{"line":20,"column":8},"end":{"line":20,"column":41}},"11":{"start":{"line":23,"column":4},"end":{"line":25,"column":12}},"12":{"start":{"line":24,"column":8},"end":{"line":24,"column":90}},"13":{"start":{"line":27,"column":4},"end":{"line":30,"column":12}},"14":{"start":{"line":29,"column":8},"end":{"line":29,"column":41}},"15":{"start":{"line":32,"column":4},"end":{"line":34,"column":12}},"16":{"start":{"line":33,"column":8},"end":{"line":33,"column":19}},"17":{"start":{"line":36,"column":4},"end":{"line":36,"column":14}}},"fnMap":{"0":{"name":"setupTestEnv","decl":{"start":{"line":11,"column":24},"end":{"line":11,"column":36}},"loc":{"start":{"line":11,"column":38},"end":{"line":37,"column":1}},"line":11},"1":{"name":"(anonymous_1)","decl":{"start":{"line":17,"column":14},"end":{"line":17,"column":15}},"loc":{"start":{"line":17,"column":24},"end":{"line":21,"column":5}},"line":17},"2":{"name":"(anonymous_2)","decl":{"start":{"line":23,"column":15},"end":{"line":23,"column":16}},"loc":{"start":{"line":23,"column":25},"end":{"line":25,"column":5}},"line":23},"3":{"name":"(anonymous_3)","decl":{"start":{"line":27,"column":14},"end":{"line":27,"column":15}},"loc":{"start":{"line":27,"column":24},"end":{"line":30,"column":5}},"line":27},"4":{"name":"(anonymous_4)","decl":{"start":{"line":32,"column":13},"end":{"line":32,"column":14}},"loc":{"start":{"line":32,"column":23},"end":{"line":34,"column":5}},"line":32}},"branchMap":{},"s":{"0":1,"1":1,"2":1,"3":1,"4":1,"5":1,"6":1,"7":1,"8":1,"9":1,"10":0,"11":1,"12":0,"13":1,"14":5,"15":1,"16":1,"17":1},"f":{"0":1,"1":1,"2":0,"3":5,"4":1},"b":{},"_coverageSchema":"1a1c01bbd47fc00a2c39e90264f33305004495a9","hash":"d9f4626485c23318b3bdb6a8f3a718d5f651af01"}
,"C:\\Users\\Perdorues\\Desktop\\node3\\src\\app.js": {"path":"C:\\Users\\Perdorues\\Desktop\\node3\\src\\app.js","statementMap":{"0":{"start":{"line":1,"column":16},"end":{"line":1,"column":34}},"1":{"start":{"line":2,"column":13},"end":{"line":2,"column":37}},"2":{"start":{"line":3,"column":23},"end":{"line":3,"column":50}},"3":{"start":{"line":4,"column":22},"end":{"line":4,"column":50}},"4":{"start":{"line":5,"column":16},"end":{"line":5,"column":43}},"5":{"start":{"line":7,"column":14},"end":{"line":14,"column":1}},"6":{"start":{"line":8,"column":14},"end":{"line":8,"column":27}},"7":{"start":{"line":9,"column":2},"end":{"line":9,"column":45}},"8":{"start":{"line":10,"column":2},"end":{"line":10,"column":44}},"9":{"start":{"line":11,"column":2},"end":{"line":11,"column":36}},"10":{"start":{"line":12,"column":2},"end":{"line":12,"column":39}},"11":{"start":{"line":13,"column":2},"end":{"line":13,"column":13}},"12":{"start":{"line":15,"column":0},"end":{"line":15,"column":27}}},"fnMap":{"0":{"name":"(anonymous_0)","decl":{"start":{"line":7,"column":14},"end":{"line":7,"column":15}},"loc":{"start":{"line":7,"column":63},"end":{"line":14,"column":1}},"line":7}},"branchMap":{"0":{"loc":{"start":{"line":7,"column":15},"end":{"line":7,"column":24}},"type":"default-arg","locations":[{"start":{"line":7,"column":22},"end":{"line":7,"column":24}}],"line":7},"1":{"loc":{"start":{"line":7,"column":26},"end":{"line":7,"column":42}},"type":"default-arg","locations":[{"start":{"line":7,"column":40},"end":{"line":7,"column":42}}],"line":7},"2":{"loc":{"start":{"line":7,"column":43},"end":{"line":7,"column":58}},"type":"default-arg","locations":[{"start":{"line":7,"column":56},"end":{"line":7,"column":58}}],"line":7}},"s":{"0":1,"1":1,"2":1,"3":1,"4":1,"5":1,"6":1,"7":1,"8":1,"9":1,"10":1,"11":1,"12":1},"f":{"0":1},"b":{"0":[0],"1":[0],"2":[0]},"_coverageSchema":"1a1c01bbd47fc00a2c39e90264f33305004495a9","hash":"2837316110233dbf0cb3a340b4021baf6efd892f"}
,"C:\\Users\\Perdorues\\Desktop\\node3\\src\\todo.js": {"path":"C:\\Users\\Perdorues\\Desktop\\node3\\src\\todo.js","statementMap":{"0":{"start":{"line":1,"column":9},"end":{"line":4,"column":1}},"1":{"start":{"line":6,"column":0},"end":{"line":6,"column":27}}},"fnMap":{},"branchMap":{},"s":{"0":1,"1":1},"f":{},"b":{},"_coverageSchema":"1a1c01bbd47fc00a2c39e90264f33305004495a9","hash":"bdb0125e6583a4e17a016bd4e489480935484ea7"}
,"C:\\Users\\Perdorues\\Desktop\\node3\\src\\config\\env.js": {"path":"C:\\Users\\Perdorues\\Desktop\\node3\\src\\config\\env.js","statementMap":{"0":{"start":{"line":1,"column":0},"end":{"line":1,"column":27}},"1":{"start":{"line":3,"column":16},"end":{"line":3,"column":34}},"2":{"start":{"line":5,"column":0},"end":{"line":10,"column":3}}},"fnMap":{},"branchMap":{},"s":{"0":1,"1":1,"2":1},"f":{},"b":{},"_coverageSchema":"1a1c01bbd47fc00a2c39e90264f33305004495a9","hash":"2dd753b1a188a95f744171d7a56cc1f18aadc633"}
,"C:\\Users\\Perdorues\\Desktop\\node3\\src\\controller\\todo.js": {"path":"C:\\Users\\Perdorues\\Desktop\\node3\\src\\controller\\todo.js","statementMap":{"0":{"start":{"line":1,"column":19},"end":{"line":1,"column":34}},"1":{"start":{"line":2,"column":11},"end":{"line":2,"column":29}},"2":{"start":{"line":4,"column":18},"end":{"line":8,"column":1}},"3":{"start":{"line":6,"column":4},"end":{"line":6,"column":20}},"4":{"start":{"line":10,"column":18},"end":{"line":17,"column":1}},"5":{"start":{"line":11,"column":17},"end":{"line":11,"column":27}},"6":{"start":{"line":13,"column":15},"end":{"line":13,"column":50}},"7":{"start":{"line":13,"column":35},"end":{"line":13,"column":49}},"8":{"start":{"line":15,"column":4},"end":{"line":15,"column":20}},"9":{"start":{"line":19,"column":19},"end":{"line":31,"column":1}},"10":{"start":{"line":20,"column":18},"end":{"line":20,"column":26}},"11":{"start":{"line":21,"column":24},"end":{"line":21,"column":32}},"12":{"start":{"line":22,"column":15},"end":{"line":26,"column":5}},"13":{"start":{"line":28,"column":4},"end":{"line":28,"column":23}},"14":{"start":{"line":30,"column":4},"end":{"line":30,"column":30}},"15":{"start":{"line":32,"column":21},"end":{"line":39,"column":1}},"16":{"start":{"line":34,"column":15},"end":{"line":34,"column":25}},"17":{"start":{"line":35,"column":4},"end":{"line":35,"column":41}},"18":{"start":{"line":35,"column":27},"end":{"line":35,"column":40}},"19":{"start":{"line":37,"column":4},"end":{"line":37,"column":55}},"20":{"start":{"line":40,"column":21},"end":{"line":52,"column":1}},"21":{"start":{"line":42,"column":15},"end":{"line":42,"column":25}},"22":{"start":{"line":43,"column":18},"end":{"line":43,"column":26}},"23":{"start":{"line":44,"column":24},"end":{"line":44,"column":32}},"24":{"start":{"line":46,"column":4},"end":{"line":46,"column":69}},"25":{"start":{"line":46,"column":25},"end":{"line":46,"column":67}},"26":{"start":{"line":48,"column":4},"end":{"line":48,"column":42}},"27":{"start":{"line":48,"column":27},"end":{"line":48,"column":41}},"28":{"start":{"line":50,"column":4},"end":{"line":50,"column":20}},"29":{"start":{"line":55,"column":0},"end":{"line":55,"column":84}}},"fnMap":{"0":{"name":"(anonymous_0)","decl":{"start":{"line":4,"column":18},"end":{"line":4,"column":19}},"loc":{"start":{"line":4,"column":31},"end":{"line":8,"column":1}},"line":4},"1":{"name":"(anonymous_1)","decl":{"start":{"line":10,"column":18},"end":{"line":10,"column":19}},"loc":{"start":{"line":10,"column":31},"end":{"line":17,"column":1}},"line":10},"2":{"name":"(anonymous_2)","decl":{"start":{"line":13,"column":25},"end":{"line":13,"column":26}},"loc":{"start":{"line":13,"column":35},"end":{"line":13,"column":49}},"line":13},"3":{"name":"(anonymous_3)","decl":{"start":{"line":19,"column":19},"end":{"line":19,"column":20}},"loc":{"start":{"line":19,"column":32},"end":{"line":31,"column":1}},"line":19},"4":{"name":"(anonymous_4)","decl":{"start":{"line":32,"column":21},"end":{"line":32,"column":22}},"loc":{"start":{"line":32,"column":34},"end":{"line":39,"column":1}},"line":32},"5":{"name":"(anonymous_5)","decl":{"start":{"line":35,"column":21},"end":{"line":35,"column":22}},"loc":{"start":{"line":35,"column":27},"end":{"line":35,"column":40}},"line":35},"6":{"name":"(anonymous_6)","decl":{"start":{"line":40,"column":21},"end":{"line":40,"column":22}},"loc":{"start":{"line":40,"column":34},"end":{"line":52,"column":1}},"line":40},"7":{"name":"(anonymous_7)","decl":{"start":{"line":46,"column":18},"end":{"line":46,"column":19}},"loc":{"start":{"line":46,"column":25},"end":{"line":46,"column":67}},"line":46},"8":{"name":"(anonymous_8)","decl":{"start":{"line":48,"column":19},"end":{"line":48,"column":20}},"loc":{"start":{"line":48,"column":27},"end":{"line":48,"column":41}},"line":48}},"branchMap":{"0":{"loc":{"start":{"line":46,"column":25},"end":{"line":46,"column":67}},"type":"cond-expr","locations":[{"start":{"line":46,"column":40},"end":{"line":46,"column":62}},{"start":{"line":46,"column":63},"end":{"line":46,"column":67}}],"line":46}},"s":{"0":1,"1":1,"2":1,"3":0,"4":1,"5":0,"6":0,"7":0,"8":0,"9":1,"10":0,"11":0,"12":0,"13":0,"14":0,"15":1,"16":0,"17":0,"18":0,"19":0,"20":1,"21":0,"22":0,"23":0,"24":0,"25":0,"26":0,"27":0,"28":0,"29":1},"f":{"0":0,"1":0,"2":0,"3":0,"4":0,"5":0,"6":0,"7":0,"8":0},"b":{"0":[0,0]},"_coverageSchema":"1a1c01bbd47fc00a2c39e90264f33305004495a9","hash":"f740f4d4bf26ad780ee93222632fa3226aa815bb"}
,"C:\\Users\\Perdorues\\Desktop\\node3\\src\\routes\\todo.js": {"path":"C:\\Users\\Perdorues\\Desktop\\node3\\src\\routes\\todo.js","statementMap":{"0":{"start":{"line":1,"column":75},"end":{"line":1,"column":104}},"1":{"start":{"line":4,"column":11},"end":{"line":14,"column":1}},"2":{"start":{"line":17,"column":19},"end":{"line":27,"column":1}},"3":{"start":{"line":29,"column":14},"end":{"line":37,"column":1}},"4":{"start":{"line":39,"column":19},"end":{"line":57,"column":1}},"5":{"start":{"line":58,"column":21},"end":{"line":71,"column":1}},"6":{"start":{"line":73,"column":21},"end":{"line":81,"column":1}},"7":{"start":{"line":86,"column":0},"end":{"line":86,"column":32}},"8":{"start":{"line":89,"column":0},"end":{"line":89,"column":32}},"9":{"start":{"line":92,"column":0},"end":{"line":92,"column":34}},"10":{"start":{"line":94,"column":0},"end":{"line":94,"column":42}},"11":{"start":{"line":96,"column":0},"end":{"line":96,"column":39}},"12":{"start":{"line":98,"column":0},"end":{"line":98,"column":6}},"13":{"start":{"line":101,"column":0},"end":{"line":101,"column":26}}},"fnMap":{"0":{"name":"todoRoutes","decl":{"start":{"line":84,"column":9},"end":{"line":84,"column":19}},"loc":{"start":{"line":84,"column":42},"end":{"line":99,"column":1}},"line":84}},"branchMap":{},"s":{"0":1,"1":1,"2":1,"3":1,"4":1,"5":1,"6":1,"7":1,"8":1,"9":1,"10":1,"11":1,"12":1,"13":1},"f":{"0":1},"b":{},"_coverageSchema":"1a1c01bbd47fc00a2c39e90264f33305004495a9","hash":"e26363320a9b3be9c30d0d494a36b03e52934594"}
,"C:\\Users\\Perdorues\\Desktop\\node3\\src\\routes\\v2\\todo.js": {"path":"C:\\Users\\Perdorues\\Desktop\\node3\\src\\routes\\v2\\todo.js","statementMap":{"0":{"start":{"line":1,"column":20},"end":{"line":1,"column":57}},"1":{"start":{"line":2,"column":11},"end":{"line":13,"column":1}},"2":{"start":{"line":15,"column":19},"end":{"line":32,"column":1}},"3":{"start":{"line":38,"column":16},"end":{"line":108,"column":1}},"4":{"start":{"line":40,"column":4},"end":{"line":47,"column":6}},"5":{"start":{"line":41,"column":8},"end":{"line":46,"column":9}},"6":{"start":{"line":42,"column":25},"end":{"line":42,"column":69}},"7":{"start":{"line":43,"column":12},"end":{"line":43,"column":28}},"8":{"start":{"line":45,"column":12},"end":{"line":45,"column":29}},"9":{"start":{"line":49,"column":4},"end":{"line":58,"column":6}},"10":{"start":{"line":50,"column":8},"end":{"line":57,"column":9}},"11":{"start":{"line":51,"column":23},"end":{"line":51,"column":37}},"12":{"start":{"line":52,"column":25},"end":{"line":52,"column":86}},"13":{"start":{"line":53,"column":12},"end":{"line":53,"column":31}},"14":{"start":{"line":55,"column":12},"end":{"line":55,"column":29}},"15":{"start":{"line":60,"column":4},"end":{"line":80,"column":6}},"16":{"start":{"line":61,"column":9},"end":{"line":79,"column":9}},"17":{"start":{"line":62,"column":25},"end":{"line":62,"column":51}},"18":{"start":{"line":63,"column":51},"end":{"line":63,"column":63}},"19":{"start":{"line":65,"column":28},"end":{"line":65,"column":74}},"20":{"start":{"line":67,"column":28},"end":{"line":67,"column":68}},"21":{"start":{"line":69,"column":25},"end":{"line":70,"column":65}},"22":{"start":{"line":72,"column":12},"end":{"line":72,"column":42}},"23":{"start":{"line":75,"column":12},"end":{"line":75,"column":27}},"24":{"start":{"line":78,"column":12},"end":{"line":78,"column":29}},"25":{"start":{"line":82,"column":4},"end":{"line":91,"column":6}},"26":{"start":{"line":83,"column":8},"end":{"line":90,"column":9}},"27":{"start":{"line":84,"column":21},"end":{"line":84,"column":35}},"28":{"start":{"line":85,"column":36},"end":{"line":85,"column":48}},"29":{"start":{"line":86,"column":23},"end":{"line":86,"column":135}},"30":{"start":{"line":87,"column":12},"end":{"line":87,"column":31}},"31":{"start":{"line":89,"column":12},"end":{"line":89,"column":29}},"32":{"start":{"line":93,"column":4},"end":{"line":101,"column":6}},"33":{"start":{"line":94,"column":8},"end":{"line":100,"column":9}},"34":{"start":{"line":95,"column":22},"end":{"line":95,"column":36}},"35":{"start":{"line":96,"column":12},"end":{"line":96,"column":71}},"36":{"start":{"line":97,"column":12},"end":{"line":97,"column":62}},"37":{"start":{"line":99,"column":12},"end":{"line":99,"column":29}},"38":{"start":{"line":103,"column":4},"end":{"line":103,"column":11}},"39":{"start":{"line":110,"column":0},"end":{"line":110,"column":24}}},"fnMap":{"0":{"name":"(anonymous_0)","decl":{"start":{"line":38,"column":16},"end":{"line":38,"column":17}},"loc":{"start":{"line":38,"column":46},"end":{"line":108,"column":1}},"line":38},"1":{"name":"(anonymous_1)","decl":{"start":{"line":40,"column":20},"end":{"line":40,"column":21}},"loc":{"start":{"line":40,"column":42},"end":{"line":47,"column":5}},"line":40},"2":{"name":"(anonymous_2)","decl":{"start":{"line":49,"column":23},"end":{"line":49,"column":24}},"loc":{"start":{"line":49,"column":45},"end":{"line":58,"column":5}},"line":49},"3":{"name":"(anonymous_3)","decl":{"start":{"line":60,"column":34},"end":{"line":60,"column":35}},"loc":{"start":{"line":60,"column":56},"end":{"line":80,"column":5}},"line":60},"4":{"name":"(anonymous_4)","decl":{"start":{"line":82,"column":23},"end":{"line":82,"column":24}},"loc":{"start":{"line":82,"column":45},"end":{"line":91,"column":5}},"line":82},"5":{"name":"(anonymous_5)","decl":{"start":{"line":93,"column":26},"end":{"line":93,"column":27}},"loc":{"start":{"line":93,"column":48},"end":{"line":101,"column":5}},"line":93}},"branchMap":{},"s":{"0":1,"1":1,"2":1,"3":1,"4":1,"5":0,"6":0,"7":0,"8":0,"9":1,"10":0,"11":0,"12":0,"13":0,"14":0,"15":1,"16":0,"17":0,"18":0,"19":0,"20":0,"21":0,"22":0,"23":0,"24":0,"25":1,"26":0,"27":0,"28":0,"29":0,"30":0,"31":0,"32":1,"33":0,"34":0,"35":0,"36":0,"37":0,"38":1,"39":1},"f":{"0":1,"1":0,"2":0,"3":0,"4":0,"5":0},"b":{},"_coverageSchema":"1a1c01bbd47fc00a2c39e90264f33305004495a9","hash":"b17bb85c641590e8dfcaea0290efedd29de173cf"}
,"C:\\Users\\Perdorues\\Desktop\\node3\\src\\utilis\\vatCalculator.js": {"path":"C:\\Users\\Perdorues\\Desktop\\node3\\src\\utilis\\vatCalculator.js","statementMap":{"0":{"start":{"line":1,"column":20},"end":{"line":18,"column":1}},"1":{"start":{"line":4,"column":8},"end":{"line":4,"column":56}},"2":{"start":{"line":10,"column":9},"end":{"line":10,"column":56}},"3":{"start":{"line":14,"column":8},"end":{"line":14,"column":57}},"4":{"start":{"line":22,"column":0},"end":{"line":22,"column":30}}},"fnMap":{"0":{"name":"(anonymous_0)","decl":{"start":{"line":3,"column":18},"end":{"line":3,"column":19}},"loc":{"start":{"line":3,"column":32},"end":{"line":5,"column":5}},"line":3},"1":{"name":"(anonymous_1)","decl":{"start":{"line":9,"column":27},"end":{"line":9,"column":28}},"loc":{"start":{"line":9,"column":40},"end":{"line":12,"column":5}},"line":9},"2":{"name":"(anonymous_2)","decl":{"start":{"line":13,"column":24},"end":{"line":13,"column":25}},"loc":{"start":{"line":13,"column":39},"end":{"line":16,"column":5}},"line":13}},"branchMap":{},"s":{"0":2,"1":1,"2":1,"3":1,"4":2},"f":{"0":1,"1":1,"2":1},"b":{},"_coverageSchema":"1a1c01bbd47fc00a2c39e90264f33305004495a9","hash":"118584a5ad5a3ded4e9f1f70e405a1713ac27985"}
}
