TN:
SF:__int__test__\setupTestEnv.js
FN:11,setupTestEnv
FN:17,(anonymous_1)
FN:23,(anonymous_2)
FN:27,(anonymous_3)
FN:32,(anonymous_4)
FNF:5
FNH:4
FNDA:1,setupTestEnv
FNDA:1,(anonymous_1)
FNDA:0,(anonymous_2)
FNDA:5,(anonymous_3)
FNDA:1,(anonymous_4)
DA:1,1
DA:2,1
DA:5,1
DA:7,1
DA:9,1
DA:11,1
DA:12,1
DA:17,1
DA:18,1
DA:19,1
DA:20,0
DA:23,1
DA:24,0
DA:27,1
DA:29,5
DA:32,1
DA:33,1
DA:36,1
LF:18
LH:16
BRF:0
BRH:0
end_of_record
TN:
SF:src\app.js
FN:7,(anonymous_0)
FNF:1
FNH:1
FNDA:1,(anonymous_0)
DA:1,1
DA:2,1
DA:3,1
DA:4,1
DA:5,1
DA:7,1
DA:8,1
DA:9,1
DA:10,1
DA:11,1
DA:12,1
DA:13,1
DA:15,1
LF:13
LH:13
BRDA:7,0,0,0
BRDA:7,1,0,0
BRDA:7,2,0,0
BRF:3
BRH:0
end_of_record
TN:
SF:src\todo.js
FNF:0
FNH:0
DA:1,1
DA:6,1
LF:2
LH:2
BRF:0
BRH:0
end_of_record
TN:
SF:src\config\env.js
FNF:0
FNH:0
DA:1,1
DA:3,1
DA:5,1
LF:3
LH:3
BRF:0
BRH:0
end_of_record
TN:
SF:src\controller\todo.js
FN:4,(anonymous_0)
FN:10,(anonymous_1)
FN:13,(anonymous_2)
FN:19,(anonymous_3)
FN:32,(anonymous_4)
FN:35,(anonymous_5)
FN:40,(anonymous_6)
FN:46,(anonymous_7)
FN:48,(anonymous_8)
FNF:9
FNH:0
FNDA:0,(anonymous_0)
FNDA:0,(anonymous_1)
FNDA:0,(anonymous_2)
FNDA:0,(anonymous_3)
FNDA:0,(anonymous_4)
FNDA:0,(anonymous_5)
FNDA:0,(anonymous_6)
FNDA:0,(anonymous_7)
FNDA:0,(anonymous_8)
DA:1,1
DA:2,1
DA:4,1
DA:6,0
DA:10,1
DA:11,0
DA:13,0
DA:15,0
DA:19,1
DA:20,0
DA:21,0
DA:22,0
DA:28,0
DA:30,0
DA:32,1
DA:34,0
DA:35,0
DA:37,0
DA:40,1
DA:42,0
DA:43,0
DA:44,0
DA:46,0
DA:48,0
DA:50,0
DA:55,1
LF:26
LH:8
BRDA:46,0,0,0
BRDA:46,0,1,0
BRF:2
BRH:0
end_of_record
TN:
SF:src\routes\todo.js
FN:84,todoRoutes
FNF:1
FNH:1
FNDA:1,todoRoutes
DA:1,1
DA:4,1
DA:17,1
DA:29,1
DA:39,1
DA:58,1
DA:73,1
DA:86,1
DA:89,1
DA:92,1
DA:94,1
DA:96,1
DA:98,1
DA:101,1
LF:14
LH:14
BRF:0
BRH:0
end_of_record
TN:
SF:src\routes\v2\todo.js
FN:38,(anonymous_0)
FN:40,(anonymous_1)
FN:49,(anonymous_2)
FN:60,(anonymous_3)
FN:82,(anonymous_4)
FN:93,(anonymous_5)
FNF:6
FNH:1
FNDA:1,(anonymous_0)
FNDA:0,(anonymous_1)
FNDA:0,(anonymous_2)
FNDA:0,(anonymous_3)
FNDA:0,(anonymous_4)
FNDA:0,(anonymous_5)
DA:1,1
DA:2,1
DA:15,1
DA:38,1
DA:40,1
DA:41,0
DA:42,0
DA:43,0
DA:45,0
DA:49,1
DA:50,0
DA:51,0
DA:52,0
DA:53,0
DA:55,0
DA:60,1
DA:61,0
DA:62,0
DA:63,0
DA:65,0
DA:67,0
DA:69,0
DA:72,0
DA:75,0
DA:78,0
DA:82,1
DA:83,0
DA:84,0
DA:85,0
DA:86,0
DA:87,0
DA:89,0
DA:93,1
DA:94,0
DA:95,0
DA:96,0
DA:97,0
DA:99,0
DA:103,1
DA:110,1
LF:40
LH:11
BRF:0
BRH:0
end_of_record
TN:
SF:src\utilis\vatCalculator.js
FN:3,(anonymous_0)
FN:9,(anonymous_1)
FN:13,(anonymous_2)
FNF:3
FNH:3
FNDA:1,(anonymous_0)
FNDA:1,(anonymous_1)
FNDA:1,(anonymous_2)
DA:1,2
DA:4,1
DA:10,1
DA:14,1
DA:22,2
LF:5
LH:5
BRF:0
BRH:0
end_of_record
